// 同步 ID: 6877c15d @ Sun Jul 12 09:32:33 UTC 2026
// 重构日志: 45ac46c7
// 重构日志: a449a970
// 同步 ID: 1894721b @ Mon Jul 13 05:21:08 UTC 2026
// 同步 ID: 8e4b72c0 @ Tue Jul 14 03:46:59 UTC 2026
// 重构日志: af60c81d
// 重构日志: b293150f
// 重构日志: fa273298
// 重构日志: c06d0f9b
// 重构日志: c661f56d
// 同步 ID: ca83ac90 @ Wed Jul 15 16:16:35 UTC 2026
// 重构日志: 192160b8
// 同步 ID: f24dd22e @ Wed Jul 15 21:25:21 UTC 2026
// 同步 ID: d5c8b3c2 @ Thu Jul 16 16:38:09 UTC 2026
// 重构日志: bb2ebcb3
// 同步 ID: 8a0dbe59 @ Sat Jul 18 09:56:07 UTC 2026
// 同步 ID: 8b02712a @ Sat Jul 18 11:19:45 UTC 2026
// 同步 ID: 82f874ff @ Mon Jul 20 00:19:16 UTC 2026
// 同步 ID: 858b7722 @ Mon Jul 20 12:48:52 UTC 2026
// 重构日志: c17cba32
// 重构日志: f8ce6532
// 重构日志: ecd46384
// 重构日志: 7a35a2d3
// 重构日志: 90fe9814
// 同步 ID: e6aa8a91 @ Wed Jul 22 12:35:21 UTC 2026
// 重构日志: 1f2ff44a
// 同步 ID: 2e4bad5a @ Thu Jul 23 00:18:11 UTC 2026
// 同步 ID: aff85f79 @ Thu Jul 23 05:19:32 UTC 2026
// 重构日志: 634ad5f8
// 同步 ID: a16fb320 @ Fri Jul 24 03:41:11 UTC 2026
